[2026-06-25 11:14:09] === Bot başladı — Kanal: Mindgaps Daily (tahmini kota: 3u) ===
[2026-06-25 11:14:09] Son 1 video taranıyor...
[2026-06-25 11:14:09] Cevaplanacak aday yorum: 0 (max 10 işlenecek)
[2026-06-25 11:14:09] 
=== Bot bitti — 0 cevap gönderildi (toplam history: 0) ===
[2026-06-25 13:28:29] === Bot başladı — Kanal: Mindgaps Daily (tahmini kota: 6u) ===
[2026-06-25 13:28:29] Son 1 video taranıyor...
[2026-06-25 13:28:29] Cevaplanacak aday yorum: 0 (max 10 işlenecek)
[2026-06-25 13:28:29] 
=== Bot bitti — 0 cevap gönderildi (toplam history: 0) ===
[2026-06-25 16:03:22] === Bot başladı — Kanal: Mindgaps Daily (tahmini kota: 9u) ===
[2026-06-25 16:03:22] Son 2 video taranıyor...
[2026-06-25 16:03:23] Cevaplanacak aday yorum: 0 (max 10 işlenecek)
[2026-06-25 16:03:23] 
=== Bot bitti — 0 cevap gönderildi (toplam history: 0) ===
[2026-06-25 18:23:08] === Bot başladı — Kanal: Mindgaps Daily (tahmini kota: 17u) ===
[2026-06-25 18:23:09] Son 3 video taranıyor...
[2026-06-25 18:23:09] Cevaplanacak aday yorum: 0 (max 10 işlenecek)
[2026-06-25 18:23:09] 
=== Bot bitti — 0 cevap gönderildi (toplam history: 0) ===
[2026-06-25 21:11:19] === Bot başladı — Kanal: Aydınlanmanın Doruk Noktası (tahmini kota: 32u) ===
[2026-06-25 21:11:19] Son 3 video taranıyor...
[2026-06-25 21:11:19]   video QbRmglYU yorum çekme fail: <HttpError 403 when requesting https://youtube.googleapis.com/youtube/v3/commentThreads?part=snippet&videoId=QbRmglYU2bU&maxResults=100&orde
[2026-06-25 21:11:19] Cevaplanacak aday yorum: 0 (max 10 işlenecek)
[2026-06-25 21:11:19] 
=== Bot bitti — 0 cevap gönderildi (toplam history: 0) ===
[2026-06-25 22:47:23] === Bot başladı — Kanal: Aydınlanmanın Doruk Noktası (tahmini kota: 41u) ===
[2026-06-25 22:47:23] Son 4 video taranıyor...
[2026-06-25 22:47:24]   video QbRmglYU yorum çekme fail: <HttpError 403 when requesting https://youtube.googleapis.com/youtube/v3/commentThreads?part=snippet&videoId=QbRmglYU2bU&maxResults=100&orde
[2026-06-25 22:47:24] Cevaplanacak aday yorum: 0 (max 10 işlenecek)
[2026-06-25 22:47:24] 
=== Bot bitti — 0 cevap gönderildi (toplam history: 0) ===
[2026-06-26 00:00:16] === Bot başladı — Kanal: Aydınlanmanın Doruk Noktası (tahmini kota: 52u) ===
[2026-06-26 00:00:17] Son 5 video taranıyor...
[2026-06-26 00:00:17]   video QbRmglYU yorum çekme fail: <HttpError 403 when requesting https://youtube.googleapis.com/youtube/v3/commentThreads?part=snippet&videoId=QbRmglYU2bU&maxResults=100&orde
[2026-06-26 00:00:18] Cevaplanacak aday yorum: 0 (max 10 işlenecek)
[2026-06-26 00:00:18] 
=== Bot bitti — 0 cevap gönderildi (toplam history: 0) ===
[2026-06-26 03:57:05] === Bot başladı — Kanal: Aydınlanmanın Doruk Noktası (tahmini kota: 58u) ===
[2026-06-26 03:57:06] Son 5 video taranıyor...
[2026-06-26 03:57:07]   video QbRmglYU yorum çekme fail: <HttpError 403 when requesting https://youtube.googleapis.com/youtube/v3/commentThreads?part=snippet&videoId=QbRmglYU2bU&maxResults=100&orde
[2026-06-26 03:57:07] Cevaplanacak aday yorum: 0 (max 10 işlenecek)
[2026-06-26 03:57:07] 
=== Bot bitti — 0 cevap gönderildi (toplam history: 0) ===
[2026-06-26 07:44:34] === Bot başladı — Kanal: Aydınlanmanın Doruk Noktası (tahmini kota: 64u) ===
[2026-06-26 07:44:34] Son 5 video taranıyor...
[2026-06-26 07:44:35]   video QbRmglYU yorum çekme fail: <HttpError 403 when requesting https://youtube.googleapis.com/youtube/v3/commentThreads?part=snippet&videoId=QbRmglYU2bU&maxResults=100&orde
[2026-06-26 07:44:35] Cevaplanacak aday yorum: 0 (max 10 işlenecek)
[2026-06-26 07:44:35] 
=== Bot bitti — 0 cevap gönderildi (toplam history: 0) ===
[2026-06-26 10:39:34] === Bot başladı — Kanal: Aydınlanmanın Doruk Noktası (tahmini kota: 0u) ===
[2026-06-26 10:39:34] Son 4 video taranıyor...
[2026-06-26 10:39:34] Cevaplanacak aday yorum: 0 (max 10 işlenecek)
[2026-06-26 10:39:34] 
=== Bot bitti — 0 cevap gönderildi (toplam history: 0) ===
